File: adapted_biosensors_report.tex
Encoding: utf8
Words in text: 3424
Words in headers: 55
Words outside text (captions, etc.): 182
Number of headers: 19
Number of floats/tables/figures: 9
Number of math inlines: 14
Number of math displayed: 0
Subcounts:
  text+headers+captions (#headers/#floats/#inlines/#displayed)
  0+7+0 (1/0/0/0) _top_
  0+4+0 (1/0/0/0) Section: Part A: Glucose Biosensors
  423+1+70 (1/2/0/0) Subsection: Introduction
  143+14+6 (3/1/0/0) Subsection: Materials and Methods
  979+13+15 (4/2/0/0) Subsection: Results and Analysis
  311+1+0 (1/0/0/0) Subsection: Discussions
  0+4+0 (1/0/0/0) Section: Part B: Lactate Biosensors
  231+1+0 (1/0/0/0) Subsection: Introduction
  796+2+55 (1/2/13/0) Subsection: Enzyme election
  93+1+0 (1/0/0/0) Subsection: Mediator
  266+4+21 (1/1/1/0) Subsection: Enzyme binding and calibration
  182+1+0 (1/0/0/0) Subsection: Conclusions
  0+1+0 (1/0/0/0) Section: Compliance
  0+1+15 (1/1/0/0) Section: Post-Script

